Using pre-set license
Built from '2020.2/release' branch; Version is '2020.2.1f1 (270dd8c3da1c) revision 2559448'; Using compiler version '192528614'; Build Type 'Release'
OS: 'Windows 10  (10.0.0) 64bit' Language: 'ru' Physical Memory: 8065 MB
BatchMode: 1, IsHumanControllingUs: 0, StartBugReporterOnCrash: 0, Is64bit: 1, IsPro: 0

 COMMAND LINE ARGUMENTS:
C:\Unity\2020.2.1f1\Editor\Unity.exe
-adb2
-batchMode
-noUpm
-name
AssetImportWorker0
-projectPath
C:/Unity/Proj/Arcade
-logFile
Logs/AssetImportWorker0.log
-srvPort
4452
Successfully changed project path to: C:/Unity/Proj/Arcade
C:/Unity/Proj/Arcade
Using Asset Import Pipeline V2.
Refreshing native plugins compatible for Editor in 99.74 ms, found 1 plugins.
Preloading 0 native plugins for Editor in 0.00 ms.
Initialize engine version: 2020.2.1f1 (270dd8c3da1c)
[Subsystems] Discovering subsystems at path C:/Unity/2020.2.1f1/Editor/Data/Resources/UnitySubsystems
[Subsystems] Discovering subsystems at path C:/Unity/Proj/Arcade/Assets
GfxDevice: creating device client; threaded=0
Direct3D:
    Version:  Direct3D 11.0 [level 11.0]
    Renderer: NVIDIA GeForce 940MX (ID=0x179c)
    Vendor:   
    VRAM:     2010 MB
    Driver:   27.21.14.5167
Initialize mono
Mono path[0] = 'C:/Unity/2020.2.1f1/Editor/Data/Managed'
Mono path[1] = 'C:/Unity/2020.2.1f1/Editor/Data/MonoBleedingEdge/lib/mono/unityjit'
Mono config path = 'C:/Unity/2020.2.1f1/Editor/Data/MonoBleedingEdge/etc'
Using monoOptions --debugger-agent=transport=dt_socket,embedding=1,server=y,suspend=n,address=127.0.0.1:56144
Begin MonoManager ReloadAssembly
Registering precompiled unity dll's ...
Register platform support module: C:/Unity/2020.2.1f1/Editor/Data/PlaybackEngines/WebGLSupport/UnityEditor.WebGL.Extensions.dll
Register platform support module: C:/Unity/2020.2.1f1/Editor/Data/PlaybackEngines/WindowsStandaloneSupport/UnityEditor.WindowsStandalone.Extensions.dll
Registered in 0.002063 seconds.
Native extension for WindowsStandalone target not found
Native extension for WebGL target not found
Refreshing native plugins compatible for Editor in 72.14 ms, found 1 plugins.
Preloading 0 native plugins for Editor in 0.00 ms.
Invoked RoslynAnalysisRunner static constructor.
RoslynAnalysisRunner will not be running.
RoslynAnalysisRunner has terminated.
Mono: successfully reloaded assembly
- Completed reload, in  3.946 seconds
Platform modules already initialized, skipping
Registering precompiled user dll's ...
Registered in 0.001721 seconds.
Begin MonoManager ReloadAssembly
Native extension for WindowsStandalone target not found
Native extension for WebGL target not found
Refreshing native plugins compatible for Editor in 82.41 ms, found 1 plugins.
Preloading 0 native plugins for Editor in 0.00 ms.
Invoked RoslynAnalysisRunner static constructor.
RoslynAnalysisRunner will not be running.
RoslynAnalysisRunner has terminated.
Mono: successfully reloaded assembly
- Completed reload, in  1.959 seconds
Platform modules already initialized, skipping
========================================================================
Worker process is ready to serve import requests
Launched and connected shader compiler UnityShaderCompiler.exe after 0.07 seconds
Refreshing native plugins compatible for Editor in 0.50 ms, found 1 plugins.
Preloading 0 native plugins for Editor in 0.00 ms.
Unloading 1789 Unused Serialized files (Serialized files now loaded: 0)
System memory in use before: 84.4 MB.
System memory in use after: 84.3 MB.

Unloading 24 unused Assets to reduce memory usage. Loaded Objects now: 2233.
Total: 2.679300 ms (FindLiveObjects: 0.266000 ms CreateObjectMapping: 0.099400 ms MarkObjects: 2.140900 ms  DeleteObjects: 0.169800 ms)

========================================================================
Received Import Request.
  path: Assets/Square.png
  artifactKey: Guid(ed2b0fbf7ebf2b3479a42557df1e2e9d) Importer(815301076,1909f56bfc062723c751e8b465ee728b)
Start importing Assets/Square.png using Guid(ed2b0fbf7ebf2b3479a42557df1e2e9d) Importer(815301076,1909f56bfc062723c751e8b465ee728b)  -> (artifact id: '309a8e6ca0451e712dbc3fd46cbca367') in 0.250928 seconds
  Import took 0.257705 seconds .

========================================================================
Received Import Request.
  Time since last request: 2541.919509 seconds.
  path: Assets/Sprites/60Transparent.png
  artifactKey: Guid(a13935d60df691b428d2f8be536aa76d) Importer(815301076,1909f56bfc062723c751e8b465ee728b)
Start importing Assets/Sprites/60Transparent.png using Guid(a13935d60df691b428d2f8be536aa76d) Importer(815301076,1909f56bfc062723c751e8b465ee728b)  -> (artifact id: '3db2e58c901cbae0fd17dd7e773373a7') in 0.045343 seconds
  Import took 0.051987 seconds .

========================================================================
Received Import Request.
  Time since last request: 0.000386 seconds.
  path: Assets/Sprites/Cell.png
  artifactKey: Guid(4055e3f7973220d4aa067ebd1e56d289) Importer(815301076,1909f56bfc062723c751e8b465ee728b)
Start importing Assets/Sprites/Cell.png using Guid(4055e3f7973220d4aa067ebd1e56d289) Importer(815301076,1909f56bfc062723c751e8b465ee728b)  -> (artifact id: 'd35720859d00ac97094aca73bde5f038') in 0.068483 seconds
  Import took 0.074826 seconds .

========================================================================
Received Import Request.
  Time since last request: 0.000279 seconds.
  path: Assets/Sprites/60Transparent.png
  artifactKey: Guid(a13935d60df691b428d2f8be536aa76d) Importer(815301076,1909f56bfc062723c751e8b465ee728b)
Start importing Assets/Sprites/60Transparent.png using Guid(a13935d60df691b428d2f8be536aa76d) Importer(815301076,1909f56bfc062723c751e8b465ee728b)  -> (artifact id: '3db2e58c901cbae0fd17dd7e773373a7') in 0.024686 seconds
  Import took 0.029195 seconds .

========================================================================
Received Import Request.
  Time since last request: 0.000506 seconds.
  path: Assets/Sprites/photo_2020-12-27_23-43-36.jpg
  artifactKey: Guid(055f9fec4e9708940bf9fb470e0e5aff) Importer(815301076,1909f56bfc062723c751e8b465ee728b)
Start importing Assets/Sprites/photo_2020-12-27_23-43-36.jpg using Guid(055f9fec4e9708940bf9fb470e0e5aff) Importer(815301076,1909f56bfc062723c751e8b465ee728b)  -> (artifact id: '481c6d1f3d2a648afb944b1da2c4781d') in 0.054553 seconds
  Import took 0.060520 seconds .

========================================================================
Received Import Request.
  Time since last request: 0.000526 seconds.
  path: Assets/Sprites/Hero.psb
  artifactKey: Guid(3f82735439b0b0343b2bcb81216e893a) Importer(815301076,1909f56bfc062723c751e8b465ee728b)
Start importing Assets/Sprites/Hero.psb using Guid(3f82735439b0b0343b2bcb81216e893a) Importer(815301076,1909f56bfc062723c751e8b465ee728b)  -> (artifact id: 'ef2a8be0c626e1c5fa741a96125dfb50') in 0.145620 seconds
  Import took 0.154652 seconds .

========================================================================
Received Import Request.
  Time since last request: 0.001395 seconds.
  path: Assets/Sprites/Hero.psb
  artifactKey: Guid(3f82735439b0b0343b2bcb81216e893a) Importer(815301076,1909f56bfc062723c751e8b465ee728b)
Start importing Assets/Sprites/Hero.psb using Guid(3f82735439b0b0343b2bcb81216e893a) Importer(815301076,1909f56bfc062723c751e8b465ee728b)  -> (artifact id: 'ef2a8be0c626e1c5fa741a96125dfb50') in 0.033882 seconds
  Import took 0.039429 seconds .

========================================================================
Received Prepare
Refreshing native plugins compatible for Editor in 2.06 ms, found 1 plugins.
Preloading 0 native plugins for Editor in 0.00 ms.
Unloading 10 Unused Serialized files (Serialized files now loaded: 0)
System memory in use before: 53.2 MB.
System memory in use after: 53.2 MB.

Unloading 10 unused Assets to reduce memory usage. Loaded Objects now: 2249.
Total: 6.610100 ms (FindLiveObjects: 0.347000 ms CreateObjectMapping: 0.157500 ms MarkObjects: 5.809800 ms  DeleteObjects: 0.293100 ms)

========================================================================
Received Import Request.
  Time since last request: 1024.460682 seconds.
  path: Assets/Prefabs/Death.prefab
  artifactKey: Guid(385982c4b0e19dc41a92de680cb53ea1) Importer(815301076,1909f56bfc062723c751e8b465ee728b)
Start importing Assets/Prefabs/Death.prefab using Guid(385982c4b0e19dc41a92de680cb53ea1) Importer(815301076,1909f56bfc062723c751e8b465ee728b)  -> (artifact id: '33d7d947859ad82e42e0260ecb62cc82') in 0.037707 seconds
  Import took 0.043819 seconds .

========================================================================
Received Prepare
Refreshing native plugins compatible for Editor in 2.94 ms, found 1 plugins.
Preloading 0 native plugins for Editor in 0.00 ms.
Unloading 10 Unused Serialized files (Serialized files now loaded: 0)
System memory in use before: 53.5 MB.
System memory in use after: 53.5 MB.

Unloading 10 unused Assets to reduce memory usage. Loaded Objects now: 2249.
Total: 6.642500 ms (FindLiveObjects: 0.851100 ms CreateObjectMapping: 0.146700 ms MarkObjects: 5.478300 ms  DeleteObjects: 0.163100 ms)

AssetImportWorkerClient::OnTransportError - code=2 error=End of file
