Using pre-set license
Built from '2020.3/release' branch; Version is '2020.3.2f1 (8fd9074bf66c) revision 9427207'; Using compiler version '192528614'; Build Type 'Release'
OS: 'Windows 10 Pro; OS build 19042.867; Version 2009; 64bit' Language: 'ru' Physical Memory: 8065 MB
BatchMode: 1, IsHumanControllingUs: 0, StartBugReporterOnCrash: 0, Is64bit: 1, IsPro: 0

 COMMAND LINE ARGUMENTS:
C:\Unity\2020.3.2f1\Editor\Unity.exe
-adb2
-batchMode
-noUpm
-name
AssetImportWorker0
-projectPath
D:/Unity/Proj/Finished/Puzzle
-logFile
Logs/AssetImportWorker0.log
-srvPort
7549
Successfully changed project path to: D:/Unity/Proj/Finished/Puzzle
D:/Unity/Proj/Finished/Puzzle
Using Asset Import Pipeline V2.
Refreshing native plugins compatible for Editor in 122.71 ms, found 1 plugins.
Preloading 0 native plugins for Editor in 0.00 ms.
Initialize engine version: 2020.3.2f1 (8fd9074bf66c)
[Subsystems] Discovering subsystems at path C:/Unity/2020.3.2f1/Editor/Data/Resources/UnitySubsystems
[Subsystems] Discovering subsystems at path D:/Unity/Proj/Finished/Puzzle/Assets
GfxDevice: creating device client; threaded=0
Direct3D:
    Version:  Direct3D 11.0 [level 11.0]
    Renderer: NVIDIA GeForce 940MX (ID=0x179c)
    Vendor:   
    VRAM:     2019 MB
    Driver:   21.21.13.7654
Initialize mono
Mono path[0] = 'C:/Unity/2020.3.2f1/Editor/Data/Managed'
Mono path[1] = 'C:/Unity/2020.3.2f1/Editor/Data/MonoBleedingEdge/lib/mono/unityjit'
Mono config path = 'C:/Unity/2020.3.2f1/Editor/Data/MonoBleedingEdge/etc'
Using monoOptions --debugger-agent=transport=dt_socket,embedding=1,server=y,suspend=n,address=127.0.0.1:56636
Begin MonoManager ReloadAssembly
Registering precompiled unity dll's ...
Register platform support module: C:/Unity/2020.3.2f1/Editor/Data/PlaybackEngines/WebGLSupport/UnityEditor.WebGL.Extensions.dll
Register platform support module: C:/Unity/2020.3.2f1/Editor/Data/PlaybackEngines/WindowsStandaloneSupport/UnityEditor.WindowsStandalone.Extensions.dll
Registered in 0.006081 seconds.
Native extension for WindowsStandalone target not found
Native extension for WebGL target not found
Refreshing native plugins compatible for Editor in 58.20 ms, found 1 plugins.
Preloading 0 native plugins for Editor in 0.00 ms.
Invoked RoslynAnalysisRunner static constructor.
RoslynAnalysisRunner will not be running.
RoslynAnalysisRunner has terminated.
Mono: successfully reloaded assembly
- Completed reload, in  3.614 seconds
Platform modules already initialized, skipping
Registering precompiled user dll's ...
Registered in 0.001154 seconds.
Begin MonoManager ReloadAssembly
Native extension for WindowsStandalone target not found
Native extension for WebGL target not found
Refreshing native plugins compatible for Editor in 84.30 ms, found 1 plugins.
Preloading 0 native plugins for Editor in 0.00 ms.
Invoked RoslynAnalysisRunner static constructor.
RoslynAnalysisRunner will not be running.
RoslynAnalysisRunner has terminated.
Mono: successfully reloaded assembly
- Completed reload, in  1.887 seconds
Platform modules already initialized, skipping
========================================================================
Worker process is ready to serve import requests
Launched and connected shader compiler UnityShaderCompiler.exe after 0.49 seconds
Refreshing native plugins compatible for Editor in 0.37 ms, found 1 plugins.
Preloading 0 native plugins for Editor in 0.00 ms.
Unloading 1810 Unused Serialized files (Serialized files now loaded: 0)
System memory in use before: 85.0 MB.
System memory in use after: 85.1 MB.

Unloading 19 unused Assets to reduce memory usage. Loaded Objects now: 2260.
Total: 27.590700 ms (FindLiveObjects: 0.296300 ms CreateObjectMapping: 0.104500 ms MarkObjects: 23.330400 ms  DeleteObjects: 3.857600 ms)

========================================================================
Received Import Request.
  path: Assets/PicturePrefab.prefab
  artifactKey: Guid(82137a82842f1664cb82f25a68e621c2) Importer(815301076,1909f56bfc062723c751e8b465ee728b)
Start importing Assets/PicturePrefab.prefab using Guid(82137a82842f1664cb82f25a68e621c2) Importer(815301076,1909f56bfc062723c751e8b465ee728b)  -> (artifact id: '7e749492551a7f2a495048a9ebda4033') in 10807.179268 seconds
  Import took 16759.594529 seconds .

========================================================================
Received Import Request.
  Time since last request: 2.131464 seconds.
  path: Assets/FireWork.prefab
  artifactKey: Guid(2b0de3e3ddbfc36489d11d090638cd35) Importer(815301076,1909f56bfc062723c751e8b465ee728b)
Start importing Assets/FireWork.prefab using Guid(2b0de3e3ddbfc36489d11d090638cd35) Importer(815301076,1909f56bfc062723c751e8b465ee728b)  -> (artifact id: 'c8fc615888482ea837e7509de94c6296') in 0.855027 seconds
  Import took 0.923881 seconds .

AssetImportWorkerClient::OnTransportError - code=2 error=End of file
