Using pre-set license
Built from '2020.2/release' branch; Version is '2020.2.1f1 (270dd8c3da1c) revision 2559448'; Using compiler version '192528614'; Build Type 'Release'
OS: 'Windows 10  (10.0.0) 64bit' Language: 'ru' Physical Memory: 8065 MB
BatchMode: 1, IsHumanControllingUs: 0, StartBugReporterOnCrash: 0, Is64bit: 1, IsPro: 0

 COMMAND LINE ARGUMENTS:
C:\Unity\2020.2.1f1\Editor\Unity.exe
-adb2
-batchMode
-noUpm
-name
AssetImportWorker0
-projectPath
C:/Unity/Proj/Train Idle
-logFile
Logs/AssetImportWorker0.log
-srvPort
5304
Successfully changed project path to: C:/Unity/Proj/Train Idle
C:/Unity/Proj/Train Idle
Using Asset Import Pipeline V2.
Refreshing native plugins compatible for Editor in 155.04 ms, found 1 plugins.
Preloading 0 native plugins for Editor in 0.00 ms.
Initialize engine version: 2020.2.1f1 (270dd8c3da1c)
[Subsystems] Discovering subsystems at path C:/Unity/2020.2.1f1/Editor/Data/Resources/UnitySubsystems
[Subsystems] Discovering subsystems at path C:/Unity/Proj/Train Idle/Assets
GfxDevice: creating device client; threaded=0
Direct3D:
    Version:  Direct3D 11.0 [level 11.0]
    Renderer: NVIDIA GeForce 940MX (ID=0x179c)
    Vendor:   
    VRAM:     2010 MB
    Driver:   27.21.14.5167
Shader 'Universal Render Pipeline/Particles/Lit': fallback shader 'Universal Render Pipeline/Particles/SimpleLit' not found
Initialize mono
Mono path[0] = 'C:/Unity/2020.2.1f1/Editor/Data/Managed'
Mono path[1] = 'C:/Unity/2020.2.1f1/Editor/Data/MonoBleedingEdge/lib/mono/unityjit'
Mono config path = 'C:/Unity/2020.2.1f1/Editor/Data/MonoBleedingEdge/etc'
Using monoOptions --debugger-agent=transport=dt_socket,embedding=1,server=y,suspend=n,address=127.0.0.1:56180
Begin MonoManager ReloadAssembly
Registering precompiled unity dll's ...
Register platform support module: C:/Unity/2020.2.1f1/Editor/Data/PlaybackEngines/WebGLSupport/UnityEditor.WebGL.Extensions.dll
Register platform support module: C:/Unity/2020.2.1f1/Editor/Data/PlaybackEngines/WindowsStandaloneSupport/UnityEditor.WindowsStandalone.Extensions.dll
Registered in 0.003769 seconds.
Native extension for WindowsStandalone target not found
Native extension for WebGL target not found
Refreshing native plugins compatible for Editor in 133.83 ms, found 1 plugins.
Preloading 0 native plugins for Editor in 0.00 ms.
Invoked RoslynAnalysisRunner static constructor.
RoslynAnalysisRunner will not be running.
RoslynAnalysisRunner has terminated.
Mono: successfully reloaded assembly
- Completed reload, in  3.897 seconds
Platform modules already initialized, skipping
Registering precompiled user dll's ...
Registered in 0.003682 seconds.
Begin MonoManager ReloadAssembly
Error: Could not load signature of Unity.Android.Logcat.AndroidLogcat:.ctor due to: Could not load file or assembly 'UnityEditor.Android.Extensions, Version=1.0.0.0, Culture=neutral, PublicKeyToken=null' or one of its dependencies. assembly:UnityEditor.Android.Extensions, Version=1.0.0.0, Culture=neutral, PublicKeyToken=null type:<unknown type> member:(null) signature:<none>
0x00007ff627388c8c (Unity) StackWalker::GetCurrentCallstack
0x00007ff627391069 (Unity) StackWalker::ShowCallstack
0x00007ff62886564c (Unity) GetStacktrace
0x00007ff629924803 (Unity) DebugStringToFile
0x00007ff6271af87b (Unity) ScanForAttributesAndInterfaceImplementations
0x00007ff6271c2fba (Unity) MonoManager::EndReloadAssembly
0x00007ff6271ca339 (Unity) MonoManager::ReloadAssembly
0x00007ff6285743a1 (Unity) LoadDomainAndUserAssemblies
0x00007ff62857484e (Unity) LoadUserAssemblies
0x00007ff627efd736 (Unity) Application::InitializeProject
0x00007ff628872be2 (Unity) WinMain
0x00007ff62a6b8fc6 (Unity) __scrt_common_main_seh
0x00007ff91b3d7034 (KERNEL32) BaseThreadInitThunk
0x00007ff91be3d241 (ntdll) RtlUserThreadStart

Unloading broken assembly Library/ScriptAssemblies/Unity.Mobile.AndroidLogcat.Editor.dll, this assembly can cause crashes in the runtime
0x00007ff627388c8c (Unity) StackWalker::GetCurrentCallstack
0x00007ff627391069 (Unity) StackWalker::ShowCallstack
0x00007ff62886564c (Unity) GetStacktrace
0x00007ff629924803 (Unity) DebugStringToFile
0x00007ff6271cbf10 (Unity) MonoManager::SetupLoadedEditorAssemblies
0x00007ff6271c330c (Unity) MonoManager::EndReloadAssembly
0x00007ff6271ca339 (Unity) MonoManager::ReloadAssembly
0x00007ff6285743a1 (Unity) LoadDomainAndUserAssemblies
0x00007ff62857484e (Unity) LoadUserAssemblies
0x00007ff627efd736 (Unity) Application::InitializeProject
0x00007ff628872be2 (Unity) WinMain
0x00007ff62a6b8fc6 (Unity) __scrt_common_main_seh
0x00007ff91b3d7034 (KERNEL32) BaseThreadInitThunk
0x00007ff91be3d241 (ntdll) RtlUserThreadStart

Native extension for WindowsStandalone target not found
Native extension for WebGL target not found
Refreshing native plugins compatible for Editor in 144.19 ms, found 1 plugins.
Preloading 0 native plugins for Editor in 0.00 ms.
Invoked RoslynAnalysisRunner static constructor.
RoslynAnalysisRunner will not be running.
RoslynAnalysisRunner has terminated.
Mono: successfully reloaded assembly
- Completed reload, in  3.609 seconds
Platform modules already initialized, skipping
========================================================================
Worker process is ready to serve import requests
Shader 'Universal Render Pipeline/Particles/Lit': fallback shader 'Universal Render Pipeline/Particles/SimpleLit' not found
Launched and connected shader compiler UnityShaderCompiler.exe after 0.07 seconds
Refreshing native plugins compatible for Editor in 0.82 ms, found 1 plugins.
Preloading 0 native plugins for Editor in 0.00 ms.
Unloading 3035 Unused Serialized files (Serialized files now loaded: 0)
System memory in use before: 130.7 MB.
System memory in use after: 130.9 MB.

Unloading 33 unused Assets to reduce memory usage. Loaded Objects now: 3472.
Total: 5.401800 ms (FindLiveObjects: 0.546000 ms CreateObjectMapping: 0.615900 ms MarkObjects: 4.162700 ms  DeleteObjects: 0.075400 ms)

========================================================================
Received Import Request.
  path: Assets/Scenes/sd.png
  artifactKey: Guid(04ec85b2ae272ee45a5c171dd01517a8) Importer(815301076,1909f56bfc062723c751e8b465ee728b)
Start importing Assets/Scenes/sd.png using Guid(04ec85b2ae272ee45a5c171dd01517a8) Importer(815301076,1909f56bfc062723c751e8b465ee728b)  -> (artifact id: 'e37612895b77d6bceafe23c2ea598d39') in 0.446395 seconds
  Import took 0.465604 seconds .

========================================================================
Received Prepare
Shader 'Universal Render Pipeline/Particles/Lit': fallback shader 'Universal Render Pipeline/Particles/SimpleLit' not found
Refreshing native plugins compatible for Editor in 8.87 ms, found 1 plugins.
Preloading 0 native plugins for Editor in 0.00 ms.
Unloading 19 Unused Serialized files (Serialized files now loaded: 0)
System memory in use before: 70.3 MB.
System memory in use after: 70.5 MB.

Unloading 19 unused Assets to reduce memory usage. Loaded Objects now: 3478.
Total: 5.776700 ms (FindLiveObjects: 1.002700 ms CreateObjectMapping: 1.058500 ms MarkObjects: 3.679200 ms  DeleteObjects: 0.034200 ms)

