Using pre-set license
Built from '2020.3/staging' branch; Version is '2020.3.9f1 (108be757e447) revision 1084391'; Using compiler version '192528614'; Build Type 'Release'
OS: 'Windows 10 Pro; OS build 19042.985; Version 2009; 64bit' Language: 'ru' Physical Memory: 8065 MB
BatchMode: 1, IsHumanControllingUs: 0, StartBugReporterOnCrash: 0, Is64bit: 1, IsPro: 0

 COMMAND LINE ARGUMENTS:
C:\Unity\2020.3.9f1\Editor\Unity.exe
-adb2
-batchMode
-noUpm
-name
AssetImportWorker0
-projectPath
D:/Unity/Proj/Finished/SpellTyper
-logFile
Logs/AssetImportWorker0.log
-srvPort
6518
Successfully changed project path to: D:/Unity/Proj/Finished/SpellTyper
D:/Unity/Proj/Finished/SpellTyper
Using Asset Import Pipeline V2.
Refreshing native plugins compatible for Editor in 103.23 ms, found 1 plugins.
Preloading 0 native plugins for Editor in 0.00 ms.
Initialize engine version: 2020.3.9f1 (108be757e447)
[Subsystems] Discovering subsystems at path C:/Unity/2020.3.9f1/Editor/Data/Resources/UnitySubsystems
[Subsystems] Discovering subsystems at path D:/Unity/Proj/Finished/SpellTyper/Assets
GfxDevice: creating device client; threaded=0
Direct3D:
    Version:  Direct3D 11.0 [level 11.0]
    Renderer: NVIDIA GeForce 940MX (ID=0x179c)
    Vendor:   
    VRAM:     2019 MB
    Driver:   21.21.13.7654
Initialize mono
Mono path[0] = 'C:/Unity/2020.3.9f1/Editor/Data/Managed'
Mono path[1] = 'C:/Unity/2020.3.9f1/Editor/Data/MonoBleedingEdge/lib/mono/unityjit'
Mono config path = 'C:/Unity/2020.3.9f1/Editor/Data/MonoBleedingEdge/etc'
Using monoOptions --debugger-agent=transport=dt_socket,embedding=1,server=y,suspend=n,address=127.0.0.1:56204
Begin MonoManager ReloadAssembly
Registering precompiled unity dll's ...
Register platform support module: C:/Unity/2020.3.9f1/Editor/Data/PlaybackEngines/WindowsStandaloneSupport/UnityEditor.WindowsStandalone.Extensions.dll
Registered in 0.002759 seconds.
Native extension for WindowsStandalone target not found
Refreshing native plugins compatible for Editor in 130.12 ms, found 1 plugins.
Preloading 0 native plugins for Editor in 0.00 ms.
Mono: successfully reloaded assembly
- Completed reload, in  5.436 seconds
Platform modules already initialized, skipping
Registering precompiled user dll's ...
Registered in 0.001114 seconds.
Begin MonoManager ReloadAssembly
Native extension for WindowsStandalone target not found
Refreshing native plugins compatible for Editor in 125.19 ms, found 1 plugins.
Preloading 0 native plugins for Editor in 0.00 ms.
Mono: successfully reloaded assembly
- Completed reload, in  2.776 seconds
Platform modules already initialized, skipping
========================================================================
Worker process is ready to serve import requests
Launched and connected shader compiler UnityShaderCompiler.exe after 0.12 seconds
Refreshing native plugins compatible for Editor in 0.44 ms, found 1 plugins.
Preloading 0 native plugins for Editor in 0.00 ms.
Unloading 1774 Unused Serialized files (Serialized files now loaded: 0)
System memory in use before: 85.3 MB.
System memory in use after: 85.4 MB.

Unloading 19 unused Assets to reduce memory usage. Loaded Objects now: 2221.
Total: 3.527200 ms (FindLiveObjects: 0.294900 ms CreateObjectMapping: 0.110700 ms MarkObjects: 3.014600 ms  DeleteObjects: 0.105400 ms)

========================================================================
Received Import Request.
  path: Assets/Scenes/LVL.unity
  artifactKey: Guid(68eb8ce0fe1da454db76f2bcc7b94240) Importer(815301076,1909f56bfc062723c751e8b465ee728b)
Start importing Assets/Scenes/LVL.unity using Guid(68eb8ce0fe1da454db76f2bcc7b94240) Importer(815301076,1909f56bfc062723c751e8b465ee728b)  -> (artifact id: '16414bb241df526733614213832f9d1f') in 0.041164 seconds
  Import took 0.047101 seconds .

========================================================================
Received Prepare
Registering precompiled user dll's ...
Registered in 0.001358 seconds.
Begin MonoManager ReloadAssembly
Native extension for WindowsStandalone target not found
Refreshing native plugins compatible for Editor in 0.40 ms, found 1 plugins.
Preloading 0 native plugins for Editor in 0.00 ms.
Mono: successfully reloaded assembly
- Completed reload, in  1.650 seconds
Platform modules already initialized, skipping
Refreshing native plugins compatible for Editor in 0.47 ms, found 1 plugins.
Preloading 0 native plugins for Editor in 0.00 ms.
Unloading 1752 Unused Serialized files (Serialized files now loaded: 0)
System memory in use before: 83.6 MB.
System memory in use after: 83.7 MB.

Unloading 7 unused Assets to reduce memory usage. Loaded Objects now: 2225.
Total: 6.885400 ms (FindLiveObjects: 0.318100 ms CreateObjectMapping: 0.104000 ms MarkObjects: 6.377800 ms  DeleteObjects: 0.078000 ms)

========================================================================
Received Prepare
Registering precompiled user dll's ...
Registered in 0.004501 seconds.
Begin MonoManager ReloadAssembly
Native extension for WindowsStandalone target not found
Refreshing native plugins compatible for Editor in 1.08 ms, found 1 plugins.
Preloading 0 native plugins for Editor in 0.00 ms.
Mono: successfully reloaded assembly
- Completed reload, in  9.960 seconds
Platform modules already initialized, skipping
Refreshing native plugins compatible for Editor in 0.60 ms, found 1 plugins.
Preloading 0 native plugins for Editor in 0.00 ms.
Unloading 1752 Unused Serialized files (Serialized files now loaded: 0)
System memory in use before: 83.7 MB.
System memory in use after: 83.8 MB.

Unloading 7 unused Assets to reduce memory usage. Loaded Objects now: 2229.
Total: 5.803500 ms (FindLiveObjects: 0.323800 ms CreateObjectMapping: 0.105900 ms MarkObjects: 5.282200 ms  DeleteObjects: 0.090300 ms)

========================================================================
Received Import Request.
  Time since last request: 127.814472 seconds.
  path: Assets/SpiderMother.cs
  artifactKey: Guid(2cf6613e6ddd3254b83d085849669f99) Importer(815301076,1909f56bfc062723c751e8b465ee728b)
Start importing Assets/SpiderMother.cs using Guid(2cf6613e6ddd3254b83d085849669f99) Importer(815301076,1909f56bfc062723c751e8b465ee728b)  -> (artifact id: 'afd3afea3a3771cc6ac4f7e12e99e3b8') in 0.102429 seconds
  Import took 0.110605 seconds .

========================================================================
Received Import Request.
  Time since last request: 0.000248 seconds.
  path: Assets/ThunderCloud.cs
  artifactKey: Guid(63487f70194d84045bb6810cae14d0de) Importer(815301076,1909f56bfc062723c751e8b465ee728b)
Start importing Assets/ThunderCloud.cs using Guid(63487f70194d84045bb6810cae14d0de) Importer(815301076,1909f56bfc062723c751e8b465ee728b)  -> (artifact id: '52f3e94b19112757e1269202d920bb99') in 0.003851 seconds
  Import took 0.010708 seconds .

========================================================================
Received Import Request.
  Time since last request: 0.000503 seconds.
  path: Assets/Witch.cs
  artifactKey: Guid(0f2e83cf18e992b4c90e807401602f01) Importer(815301076,1909f56bfc062723c751e8b465ee728b)
Start importing Assets/Witch.cs using Guid(0f2e83cf18e992b4c90e807401602f01) Importer(815301076,1909f56bfc062723c751e8b465ee728b)  -> (artifact id: '51446820ea5d2266915c114b8bd5cc70') in 0.005418 seconds
  Import took 0.010971 seconds .

========================================================================
Received Import Request.
  Time since last request: 0.000528 seconds.
  path: Assets/TranslationComponentMain.cs
  artifactKey: Guid(528c52eec447ef64bbcfd44ee172932f) Importer(815301076,1909f56bfc062723c751e8b465ee728b)
Start importing Assets/TranslationComponentMain.cs using Guid(528c52eec447ef64bbcfd44ee172932f) Importer(815301076,1909f56bfc062723c751e8b465ee728b)  -> (artifact id: 'abbc3f290c6f8b55e70c79c330c17217') in 0.013054 seconds
  Import took 0.021436 seconds .

========================================================================
Received Import Request.
  Time since last request: 4.780168 seconds.
  path: Assets/SpellSystemInput.cs
  artifactKey: Guid(832285163c1bdf14b908bf03720d6ef9) Importer(815301076,1909f56bfc062723c751e8b465ee728b)
Start importing Assets/SpellSystemInput.cs using Guid(832285163c1bdf14b908bf03720d6ef9) Importer(815301076,1909f56bfc062723c751e8b465ee728b)  -> (artifact id: 'f238ae90ea6699be698edb7bc8eb6983') in 0.002867 seconds
  Import took 0.008556 seconds .

========================================================================
Received Import Request.
  Time since last request: 0.014337 seconds.
  path: Assets/SpellSystemInput.cs
  artifactKey: Guid(832285163c1bdf14b908bf03720d6ef9) Importer(815301076,1909f56bfc062723c751e8b465ee728b)
Start importing Assets/SpellSystemInput.cs using Guid(832285163c1bdf14b908bf03720d6ef9) Importer(815301076,1909f56bfc062723c751e8b465ee728b)  -> (artifact id: 'f238ae90ea6699be698edb7bc8eb6983') in 0.002317 seconds
  Import took 0.006959 seconds .

========================================================================
Received Import Request.
  Time since last request: 4.451994 seconds.
  path: Assets/SpellsLevel.cs
  artifactKey: Guid(794063cc8e0c2184a92c906f307a5059) Importer(815301076,1909f56bfc062723c751e8b465ee728b)
Start importing Assets/SpellsLevel.cs using Guid(794063cc8e0c2184a92c906f307a5059) Importer(815301076,1909f56bfc062723c751e8b465ee728b)  -> (artifact id: '13be47831aea0f8237d5b10697c6e473') in 0.012374 seconds
  Import took 0.028249 seconds .

========================================================================
Received Import Request.
  Time since last request: 6.050416 seconds.
  path: Assets/SpellsInstantiate.cs
  artifactKey: Guid(2ad67b0e5a8ef5e48a9b231da22c48c5) Importer(815301076,1909f56bfc062723c751e8b465ee728b)
Start importing Assets/SpellsInstantiate.cs using Guid(2ad67b0e5a8ef5e48a9b231da22c48c5) Importer(815301076,1909f56bfc062723c751e8b465ee728b)  -> (artifact id: '4c3e720acd60725ab4051d12c5296671') in 0.012690 seconds
  Import took 0.030363 seconds .

========================================================================
Received Import Request.
  Time since last request: 0.017641 seconds.
  path: Assets/SpellsInstantiate.cs
  artifactKey: Guid(2ad67b0e5a8ef5e48a9b231da22c48c5) Importer(815301076,1909f56bfc062723c751e8b465ee728b)
Start importing Assets/SpellsInstantiate.cs using Guid(2ad67b0e5a8ef5e48a9b231da22c48c5) Importer(815301076,1909f56bfc062723c751e8b465ee728b)  -> (artifact id: '4c3e720acd60725ab4051d12c5296671') in 0.006506 seconds
  Import took 0.017168 seconds .

AssetImportWorkerClient::OnTransportError - code=2 error=End of file
